Useless nonterminals

   REL


Terminals which are not used

   VAR
   STATIC
   DEF
   OVERRIDE
   RETURNS
   RETURN
   YIELD
   IF
   THEN
   ELSE
   NEW
   RELOP
   AFFECT
   CST


Useless rules

   34 REL: RELOP


Grammar

    0 $accept: declCLASS $end

    1 declCLASS: CLASS IdClass '(' ListIdentOpt ')' ListExtendsOpt ListBloc IS

    2 ListIdentOpt: ID ':' IdClass
    3             | /* empty */
    4             | ',' ListIdentOpt

    5 ListExtendsOpt: EXTENDS IdClass '(' ListOpt ')'
    6               | /* empty */

    7 ListOpt: /* empty */
    8        | LArg

    9 LArg: Arg
   10     | LArg ',' Arg

   11 Arg: expr

   12 expr: ID
   13     | PLUS expr
   14     | expr PLUS expr
   15     | expr MINUS expr
   16     | expr DIV expr
   17     | expr MUL expr
   18     | selection
   19     | constante
   20     | '(' expr ')'
   21     | instanciation
   22     | envoiMessage

   23 selection: IdClass '.' ID
   24          | ID '.' ID
   25          | envoiMessage '.' ID
   26          | selection '.' ID

   27 constante: CSTS
   28          | CSTE

   29 instanciation: ID IdClass '(' ListOpt ')'

   30 envoiMessage: IdClass '.' ID '(' ListOpt ')'
   31             | ID '.' ID '(' ListOpt ')'
   32             | envoiMessage '.' ID '(' ListOpt ')'
   33             | selection '.' ID '(' ListOpt ')'


Terminals, with rules where they appear

$end (0) 0
'(' (40) 1 5 20 29 30 31 32 33
')' (41) 1 5 20 29 30 31 32 33
',' (44) 4 10
'.' (46) 23 24 25 26 30 31 32 33
':' (58) 2
error (256)
CLASS (258) 1
VAR (259)
EXTENDS (260) 5
IS (261) 1
STATIC (262)
DEF (263)
OVERRIDE (264)
RETURNS (265)
RETURN (266)
YIELD (267)
IF (268)
THEN (269)
ELSE (270)
NEW (271)
PLUS (272) 13 14
MINUS (273) 15
RELOP (274)
AFFECT (275)
MUL (276) 17
DIV (277) 16
CST (278)
IdClass (279) 1 2 5 23 29 30
ListBloc (280) 1
ID (281) 2 12 23 24 25 26 29 30 31 32 33
CSTS (282) 27
CSTE (283) 28
unaire (284)


Nonterminals, with rules where they appear

$accept (35)
    on left: 0
declCLASS (36)
    on left: 1, on right: 0
ListIdentOpt (37)
    on left: 2 3 4, on right: 1 4
ListExtendsOpt (38)
    on left: 5 6, on right: 1
ListOpt (39)
    on left: 7 8, on right: 5 29 30 31 32 33
LArg (40)
    on left: 9 10, on right: 8 10
Arg (41)
    on left: 11, on right: 9 10
expr (42)
    on left: 12 13 14 15 16 17 18 19 20 21 22, on right: 11 13 14 15
    16 17 20
selection (43)
    on left: 23 24 25 26, on right: 18 26 33
constante (44)
    on left: 27 28, on right: 19
instanciation (45)
    on left: 29, on right: 21
envoiMessage (46)
    on left: 30 31 32 33, on right: 22 25 32


state 0

    0 $accept: . declCLASS $end

    CLASS  shift, and go to state 1

    declCLASS  go to state 2


state 1

    1 declCLASS: CLASS . IdClass '(' ListIdentOpt ')' ListExtendsOpt ListBloc IS

    IdClass  shift, and go to state 3


state 2

    0 $accept: declCLASS . $end

    $end  shift, and go to state 4


state 3

    1 declCLASS: CLASS IdClass . '(' ListIdentOpt ')' ListExtendsOpt ListBloc IS

    '('  shift, and go to state 5


state 4

    0 $accept: declCLASS $end .

    $default  accept


state 5

    1 declCLASS: CLASS IdClass '(' . ListIdentOpt ')' ListExtendsOpt ListBloc IS

    ID   shift, and go to state 6
    ','  shift, and go to state 7

    $default  reduce using rule 3 (ListIdentOpt)

    ListIdentOpt  go to state 8


state 6

    2 ListIdentOpt: ID . ':' IdClass

    ':'  shift, and go to state 9


state 7

    4 ListIdentOpt: ',' . ListIdentOpt

    ID   shift, and go to state 6
    ','  shift, and go to state 7

    $default  reduce using rule 3 (ListIdentOpt)

    ListIdentOpt  go to state 10


state 8

    1 declCLASS: CLASS IdClass '(' ListIdentOpt . ')' ListExtendsOpt ListBloc IS

    ')'  shift, and go to state 11


state 9

    2 ListIdentOpt: ID ':' . IdClass

    IdClass  shift, and go to state 12


state 10

    4 ListIdentOpt: ',' ListIdentOpt .

    $default  reduce using rule 4 (ListIdentOpt)


state 11

    1 declCLASS: CLASS IdClass '(' ListIdentOpt ')' . ListExtendsOpt ListBloc IS

    EXTENDS  shift, and go to state 13

    $default  reduce using rule 6 (ListExtendsOpt)

    ListExtendsOpt  go to state 14


state 12

    2 ListIdentOpt: ID ':' IdClass .

    $default  reduce using rule 2 (ListIdentOpt)


state 13

    5 ListExtendsOpt: EXTENDS . IdClass '(' ListOpt ')'

    IdClass  shift, and go to state 15


state 14

    1 declCLASS: CLASS IdClass '(' ListIdentOpt ')' ListExtendsOpt . ListBloc IS

    ListBloc  shift, and go to state 16


state 15

    5 ListExtendsOpt: EXTENDS IdClass . '(' ListOpt ')'

    '('  shift, and go to state 17


state 16

    1 declCLASS: CLASS IdClass '(' ListIdentOpt ')' ListExtendsOpt ListBloc . IS

    IS  shift, and go to state 18


state 17

    5 ListExtendsOpt: EXTENDS IdClass '(' . ListOpt ')'

    PLUS     shift, and go to state 19
    IdClass  shift, and go to state 20
    ID       shift, and go to state 21
    CSTS     shift, and go to state 22
    CSTE     shift, and go to state 23
    '('      shift, and go to state 24

    $default  reduce using rule 7 (ListOpt)

    ListOpt        go to state 25
    LArg           go to state 26
    Arg            go to state 27
    expr           go to state 28
    selection      go to state 29
    constante      go to state 30
    instanciation  go to state 31
    envoiMessage   go to state 32


state 18

    1 declCLASS: CLASS IdClass '(' ListIdentOpt ')' ListExtendsOpt ListBloc IS .

    $default  reduce using rule 1 (declCLASS)


state 19

   13 expr: PLUS . expr

    PLUS     shift, and go to state 19
    IdClass  shift, and go to state 20
    ID       shift, and go to state 21
    CSTS     shift, and go to state 22
    CSTE     shift, and go to state 23
    '('      shift, and go to state 24

    expr           go to state 33
    selection      go to state 29
    constante      go to state 30
    instanciation  go to state 31
    envoiMessage   go to state 32


state 20

   23 selection: IdClass . '.' ID
   30 envoiMessage: IdClass . '.' ID '(' ListOpt ')'

    '.'  shift, and go to state 34


state 21

   12 expr: ID .
   24 selection: ID . '.' ID
   29 instanciation: ID . IdClass '(' ListOpt ')'
   31 envoiMessage: ID . '.' ID '(' ListOpt ')'

    IdClass  shift, and go to state 35
    '.'      shift, and go to state 36

    $default  reduce using rule 12 (expr)


state 22

   27 constante: CSTS .

    $default  reduce using rule 27 (constante)


state 23

   28 constante: CSTE .

    $default  reduce using rule 28 (constante)


state 24

   20 expr: '(' . expr ')'

    PLUS     shift, and go to state 19
    IdClass  shift, and go to state 20
    ID       shift, and go to state 21
    CSTS     shift, and go to state 22
    CSTE     shift, and go to state 23
    '('      shift, and go to state 24

    expr           go to state 37
    selection      go to state 29
    constante      go to state 30
    instanciation  go to state 31
    envoiMessage   go to state 32


state 25

    5 ListExtendsOpt: EXTENDS IdClass '(' ListOpt . ')'

    ')'  shift, and go to state 38


state 26

    8 ListOpt: LArg .
   10 LArg: LArg . ',' Arg

    ','  shift, and go to state 39

    $default  reduce using rule 8 (ListOpt)


state 27

    9 LArg: Arg .

    $default  reduce using rule 9 (LArg)


state 28

   11 Arg: expr .
   14 expr: expr . PLUS expr
   15     | expr . MINUS expr
   16     | expr . DIV expr
   17     | expr . MUL expr

    PLUS   shift, and go to state 40
    MINUS  shift, and go to state 41
    MUL    shift, and go to state 42
    DIV    shift, and go to state 43

    $default  reduce using rule 11 (Arg)


state 29

   18 expr: selection .
   26 selection: selection . '.' ID
   33 envoiMessage: selection . '.' ID '(' ListOpt ')'

    '.'  shift, and go to state 44

    $default  reduce using rule 18 (expr)


state 30

   19 expr: constante .

    $default  reduce using rule 19 (expr)


state 31

   21 expr: instanciation .

    $default  reduce using rule 21 (expr)


state 32

   22 expr: envoiMessage .
   25 selection: envoiMessage . '.' ID
   32 envoiMessage: envoiMessage . '.' ID '(' ListOpt ')'

    '.'  shift, and go to state 45

    $default  reduce using rule 22 (expr)


state 33

   13 expr: PLUS expr .
   14     | expr . PLUS expr
   15     | expr . MINUS expr
   16     | expr . DIV expr
   17     | expr . MUL expr

    $default  reduce using rule 13 (expr)


state 34

   23 selection: IdClass '.' . ID
   30 envoiMessage: IdClass '.' . ID '(' ListOpt ')'

    ID  shift, and go to state 46


state 35

   29 instanciation: ID IdClass . '(' ListOpt ')'

    '('  shift, and go to state 47


state 36

   24 selection: ID '.' . ID
   31 envoiMessage: ID '.' . ID '(' ListOpt ')'

    ID  shift, and go to state 48


state 37

   14 expr: expr . PLUS expr
   15     | expr . MINUS expr
   16     | expr . DIV expr
   17     | expr . MUL expr
   20     | '(' expr . ')'

    PLUS   shift, and go to state 40
    MINUS  shift, and go to state 41
    MUL    shift, and go to state 42
    DIV    shift, and go to state 43
    ')'    shift, and go to state 49


state 38

    5 ListExtendsOpt: EXTENDS IdClass '(' ListOpt ')' .

    $default  reduce using rule 5 (ListExtendsOpt)


state 39

   10 LArg: LArg ',' . Arg

    PLUS     shift, and go to state 19
    IdClass  shift, and go to state 20
    ID       shift, and go to state 21
    CSTS     shift, and go to state 22
    CSTE     shift, and go to state 23
    '('      shift, and go to state 24

    Arg            go to state 50
    expr           go to state 28
    selection      go to state 29
    constante      go to state 30
    instanciation  go to state 31
    envoiMessage   go to state 32


state 40

   14 expr: expr PLUS . expr

    PLUS     shift, and go to state 19
    IdClass  shift, and go to state 20
    ID       shift, and go to state 21
    CSTS     shift, and go to state 22
    CSTE     shift, and go to state 23
    '('      shift, and go to state 24

    expr           go to state 51
    selection      go to state 29
    constante      go to state 30
    instanciation  go to state 31
    envoiMessage   go to state 32


state 41

   15 expr: expr MINUS . expr

    PLUS     shift, and go to state 19
    IdClass  shift, and go to state 20
    ID       shift, and go to state 21
    CSTS     shift, and go to state 22
    CSTE     shift, and go to state 23
    '('      shift, and go to state 24

    expr           go to state 52
    selection      go to state 29
    constante      go to state 30
    instanciation  go to state 31
    envoiMessage   go to state 32


state 42

   17 expr: expr MUL . expr

    PLUS     shift, and go to state 19
    IdClass  shift, and go to state 20
    ID       shift, and go to state 21
    CSTS     shift, and go to state 22
    CSTE     shift, and go to state 23
    '('      shift, and go to state 24

    expr           go to state 53
    selection      go to state 29
    constante      go to state 30
    instanciation  go to state 31
    envoiMessage   go to state 32


state 43

   16 expr: expr DIV . expr

    PLUS     shift, and go to state 19
    IdClass  shift, and go to state 20
    ID       shift, and go to state 21
    CSTS     shift, and go to state 22
    CSTE     shift, and go to state 23
    '('      shift, and go to state 24

    expr           go to state 54
    selection      go to state 29
    constante      go to state 30
    instanciation  go to state 31
    envoiMessage   go to state 32


state 44

   26 selection: selection '.' . ID
   33 envoiMessage: selection '.' . ID '(' ListOpt ')'

    ID  shift, and go to state 55


state 45

   25 selection: envoiMessage '.' . ID
   32 envoiMessage: envoiMessage '.' . ID '(' ListOpt ')'

    ID  shift, and go to state 56


state 46

   23 selection: IdClass '.' ID .
   30 envoiMessage: IdClass '.' ID . '(' ListOpt ')'

    '('  shift, and go to state 57

    $default  reduce using rule 23 (selection)


state 47

   29 instanciation: ID IdClass '(' . ListOpt ')'

    PLUS     shift, and go to state 19
    IdClass  shift, and go to state 20
    ID       shift, and go to state 21
    CSTS     shift, and go to state 22
    CSTE     shift, and go to state 23
    '('      shift, and go to state 24

    $default  reduce using rule 7 (ListOpt)

    ListOpt        go to state 58
    LArg           go to state 26
    Arg            go to state 27
    expr           go to state 28
    selection      go to state 29
    constante      go to state 30
    instanciation  go to state 31
    envoiMessage   go to state 32


state 48

   24 selection: ID '.' ID .
   31 envoiMessage: ID '.' ID . '(' ListOpt ')'

    '('  shift, and go to state 59

    $default  reduce using rule 24 (selection)


state 49

   20 expr: '(' expr ')' .

    $default  reduce using rule 20 (expr)


state 50

   10 LArg: LArg ',' Arg .

    $default  reduce using rule 10 (LArg)


state 51

   14 expr: expr . PLUS expr
   14     | expr PLUS expr .
   15     | expr . MINUS expr
   16     | expr . DIV expr
   17     | expr . MUL expr

    MUL  shift, and go to state 42
    DIV  shift, and go to state 43

    $default  reduce using rule 14 (expr)


state 52

   14 expr: expr . PLUS expr
   15     | expr . MINUS expr
   15     | expr MINUS expr .
   16     | expr . DIV expr
   17     | expr . MUL expr

    MUL  shift, and go to state 42
    DIV  shift, and go to state 43

    $default  reduce using rule 15 (expr)


state 53

   14 expr: expr . PLUS expr
   15     | expr . MINUS expr
   16     | expr . DIV expr
   17     | expr . MUL expr
   17     | expr MUL expr .

    $default  reduce using rule 17 (expr)


state 54

   14 expr: expr . PLUS expr
   15     | expr . MINUS expr
   16     | expr . DIV expr
   16     | expr DIV expr .
   17     | expr . MUL expr

    $default  reduce using rule 16 (expr)


state 55

   26 selection: selection '.' ID .
   33 envoiMessage: selection '.' ID . '(' ListOpt ')'

    '('  shift, and go to state 60

    $default  reduce using rule 26 (selection)


state 56

   25 selection: envoiMessage '.' ID .
   32 envoiMessage: envoiMessage '.' ID . '(' ListOpt ')'

    '('  shift, and go to state 61

    $default  reduce using rule 25 (selection)


state 57

   30 envoiMessage: IdClass '.' ID '(' . ListOpt ')'

    PLUS     shift, and go to state 19
    IdClass  shift, and go to state 20
    ID       shift, and go to state 21
    CSTS     shift, and go to state 22
    CSTE     shift, and go to state 23
    '('      shift, and go to state 24

    $default  reduce using rule 7 (ListOpt)

    ListOpt        go to state 62
    LArg           go to state 26
    Arg            go to state 27
    expr           go to state 28
    selection      go to state 29
    constante      go to state 30
    instanciation  go to state 31
    envoiMessage   go to state 32


state 58

   29 instanciation: ID IdClass '(' ListOpt . ')'

    ')'  shift, and go to state 63


state 59

   31 envoiMessage: ID '.' ID '(' . ListOpt ')'

    PLUS     shift, and go to state 19
    IdClass  shift, and go to state 20
    ID       shift, and go to state 21
    CSTS     shift, and go to state 22
    CSTE     shift, and go to state 23
    '('      shift, and go to state 24

    $default  reduce using rule 7 (ListOpt)

    ListOpt        go to state 64
    LArg           go to state 26
    Arg            go to state 27
    expr           go to state 28
    selection      go to state 29
    constante      go to state 30
    instanciation  go to state 31
    envoiMessage   go to state 32


state 60

   33 envoiMessage: selection '.' ID '(' . ListOpt ')'

    PLUS     shift, and go to state 19
    IdClass  shift, and go to state 20
    ID       shift, and go to state 21
    CSTS     shift, and go to state 22
    CSTE     shift, and go to state 23
    '('      shift, and go to state 24

    $default  reduce using rule 7 (ListOpt)

    ListOpt        go to state 65
    LArg           go to state 26
    Arg            go to state 27
    expr           go to state 28
    selection      go to state 29
    constante      go to state 30
    instanciation  go to state 31
    envoiMessage   go to state 32


state 61

   32 envoiMessage: envoiMessage '.' ID '(' . ListOpt ')'

    PLUS     shift, and go to state 19
    IdClass  shift, and go to state 20
    ID       shift, and go to state 21
    CSTS     shift, and go to state 22
    CSTE     shift, and go to state 23
    '('      shift, and go to state 24

    $default  reduce using rule 7 (ListOpt)

    ListOpt        go to state 66
    LArg           go to state 26
    Arg            go to state 27
    expr           go to state 28
    selection      go to state 29
    constante      go to state 30
    instanciation  go to state 31
    envoiMessage   go to state 32


state 62

   30 envoiMessage: IdClass '.' ID '(' ListOpt . ')'

    ')'  shift, and go to state 67


state 63

   29 instanciation: ID IdClass '(' ListOpt ')' .

    $default  reduce using rule 29 (instanciation)


state 64

   31 envoiMessage: ID '.' ID '(' ListOpt . ')'

    ')'  shift, and go to state 68


state 65

   33 envoiMessage: selection '.' ID '(' ListOpt . ')'

    ')'  shift, and go to state 69


state 66

   32 envoiMessage: envoiMessage '.' ID '(' ListOpt . ')'

    ')'  shift, and go to state 70


state 67

   30 envoiMessage: IdClass '.' ID '(' ListOpt ')' .

    $default  reduce using rule 30 (envoiMessage)


state 68

   31 envoiMessage: ID '.' ID '(' ListOpt ')' .

    $default  reduce using rule 31 (envoiMessage)


state 69

   33 envoiMessage: selection '.' ID '(' ListOpt ')' .

    $default  reduce using rule 33 (envoiMessage)


state 70

   32 envoiMessage: envoiMessage '.' ID '(' ListOpt ')' .

    $default  reduce using rule 32 (envoiMessage)
